<?xml version="1.0" encoding="UTF-8"?>
<!-- Generated by org.testng.reporters.JUnitReportReporter -->
<testsuite skipped="0" hostname="LN0C5772E6454B" name="parking_calculator.ShortTermParking" tests="3" failures="0" timestamp="23 Jun 2019 17:31:37 GMT" time="3.964" errors="0">
  <testcase name="shortTermParking" time="1.126" classname="parking_calculator.ShortTermParking"/>
  <testcase name="shortTermParking" time="1.580" classname="parking_calculator.ShortTermParking"/>
  <testcase name="shortTermParking" time="1.258" classname="parking_calculator.ShortTermParking"/>
</testsuite> <!-- parking_calculator.ShortTermParking -->
