<?xml version="1.0" encoding="UTF-8"?>
<!-- Generated by org.testng.reporters.JUnitReportReporter -->
<testsuite skipped="0" hostname="LN0C5772E6454B" name="parking_calculator.LongTermSurfaceParking" tests="3" failures="0" timestamp="23 Jun 2019 17:27:32 GMT" time="3.787" errors="0">
  <testcase name="shortTermParking" time="1.179" classname="parking_calculator.LongTermSurfaceParking"/>
  <testcase name="shortTermParking" time="1.374" classname="parking_calculator.LongTermSurfaceParking"/>
  <testcase name="shortTermParking" time="1.234" classname="parking_calculator.LongTermSurfaceParking"/>
</testsuite> <!-- parking_calculator.LongTermSurfaceParking -->
